
          -------------------------------------------------------
          Amber 18 SANDER                              2018
          -------------------------------------------------------

| Run on 04/06/2020 at 06:47:48

|   Executable path: sander
| Working directory: /home/lachele/Research/SARS-CoV-2/7_MD_Input_Files
|          Hostname: Unknown
  [-O]verwriting output

File Assignments:
|  MDIN: first_min.in                                                          
| MDOUT: lav-ace-6lu7_min1.out                                                 
|INPCRD: lav-ace-6lu7.rst7                                                     
|  PARM: lav-ace-6lu7.parm7                                                    
|RESTRT: lav-ace-6lu7_min1.rst7                                                
|  REFC: lav-ace-6lu7.rst7                                                     
| MDVEL: mdvel                                                                 
| MDFRC: mdfrc                                                                 
|  MDEN: mden                                                                  
| MDCRD: lav-ace-6lu7_min1.nc                                                  
|MDINFO: mdinfo                                                                
|  MTMD: mtmd                                                                  
|INPDIP: inpdip                                                                
|RSTDIP: rstdip                                                                
|INPTRA: inptraj                                                               


 Here is the input file:

Gas Phase Minimization with Restraints                                         
 &cntrl                                                                        
  imin = 1, maxcyc = 10000, ncyc = 5000, dt = 0.001 ,                          
  ntb = 0, cut = 20.0, ntmin = 1, nscm = 100, dielc = 1 ,                      
  ntxo = 1, ntwr = 1, ntwx=500, ntpr=500,                                      
  ntr=1,                                                                       
 &end                                                                          
Restrain the ligand                                                            
2.0                                                                            
RES 192                                                                        
END                                                                            
Lightly restrain carbon-alpha in the binding site                              
0.5                                                                            
FIND                                                                           
CA * * *                                                                       
SEARCH                                                                         
RES 18 22 33 41 43 45 47 47 49 49 113 114 135 141 157 172 176 178 180 187      
END                                                                            
END                                                                            
Restrain all NEAR atoms                                                        
2.0                                                                            
RES 12 17 23 27 31 32 42 42 46 46 48 48 50 56 60 62 77 84 98 103 107 112 115 118 121 134 142 144 154 156 173 175 179 179 188 190
END                                                                            
Restrain all FAR atoms                                                         
2.0                                                                            
RES 1 11 28 30 57 59 63 76 85 97 104 106 119 120 145 153 191 191               
END                                                                            
END                                                                            

--------------------------------------------------------------------------------
   1.  RESOURCE   USE: 
--------------------------------------------------------------------------------

| Flags:                                                                        
|    NONPERIODIC   ntb=0 and igb=0: Setting up nonperiodic simulation
|Largest sphere to fit in unit cell has radius =    47.518
| New format PARM file being parsed.
| Version =    1.000 Date = 04/02/20 Time = 03:24:56
 NATOM  =    2925 NTYPES =      21 NBONH =    1444 MBONA  =    1515
 NTHETH =    3266 MTHETA =    2055 NPHIH =    6723 MPHIA  =    6524
 NHPARM =       0 NPARM  =       0 NNB   =   16070 NRES   =     192
 NBONA  =    1515 NTHETA =    2055 NPHIA =    6524 NUMBND =      75
 NUMANG =     171 NPTRA  =     210 NATYP =      41 NPHB   =       0
 IFBOX  =       0 NMXRS  =      34 IFCAP =       0 NEXTRA =       0
 NCOPY  =       0


|     Memory Use     Allocated
|     Real              245505
|     Hollerith           8969
|     Integer           722781
|     Max Pairs        4276350
|     nblistReal         35100
|     nblist Int        452273
|       Total            23521 kbytes

| Note: 1-4 EEL scale factors are being read from the topology file.

| Note: 1-4 VDW scale factors are being read from the topology file.
| Duplicated    0 dihedrals
| Duplicated    0 dihedrals

--------------------------------------------------------------------------------
   2.  CONTROL  DATA  FOR  THE  RUN
--------------------------------------------------------------------------------

default_name                                                                    

General flags:
     imin    =       1, nmropt  =       0

Nature and format of input:
     ntx     =       1, irest   =       0, ntrx    =       1

Nature and format of output:
     ntxo    =       1, ntpr    =     500, ntrx    =       1, ntwr    =       1
     iwrap   =       0, ntwx    =     500, ntwv    =       0, ntwe    =       0
     ioutfm  =       1, ntwprt  =       0, idecomp =       0, rbornstat=      0

Potential function:
     ntf     =       1, ntb     =       0, igb     =       0, nsnb    =      25
     ipol    =       0, gbsa    =       0, iesp    =       0
     dielc   =   1.00000, cut     =  20.00000, intdiel =   1.00000

Frozen or restrained atoms:
     ibelly  =       0, ntr     =       1
     restraint_wt =   0.00000

Energy minimization:
     maxcyc  =   10000, ncyc    =    5000, ntmin   =       1
     dx0     =   0.01000, drms    =   0.00010
|  INFO: Old style inpcrd file read


    LOADING THE CONSTRAINED ATOMS AS GROUPS


   5.  REFERENCE ATOM COORDINATES

  defa
    ----- READING GROUP     1; TITLE:
 Restrain the ligand                                                         

     GROUP    1 HAS HARMONIC CONSTRAINTS     2.00000
 GRP    1 RES  192 TO   192
      Number of atoms in this group  =    34
    ----- READING GROUP     2; TITLE:
 Lightly restrain carbon-alpha in the binding site                           

     GROUP    2 HAS HARMONIC CONSTRAINTS     0.50000
      ALL ATOMS THAT MEET 1 OF THE FOLLOWING SPECIFICATIONS WILL BE INCLUDED IN GROUP BELOW

      GRAPH NAME  = CA    SYMBOL  = *     TREE SYMBOL  = *     RESIDUE TYPE  = *   

 GRP    2 RES   18 TO    22
 GRP    2 RES   33 TO    41
 GRP    2 RES   43 TO    45
 GRP    2 RES   47 TO    47
 GRP    2 RES   49 TO    49
 GRP    2 RES  113 TO   114
 GRP    2 RES  135 TO   141
 GRP    2 RES  157 TO   172
 GRP    2 RES  176 TO   178
 GRP    2 RES  180 TO   187
      Number of atoms in this group  =    55
    ----- END OF GROUP READ -----

--------------------------------------------------------------------------------
   3.  ATOMIC COORDINATES AND VELOCITIES
--------------------------------------------------------------------------------

default_name                                                                    
 begin time read from input coords =     0.000 ps

 Number of triangulated 3-point waters found:        0

     Sum of charges from parm topology file =   0.00000189
     Forcing neutrality...

--------------------------------------------------------------------------------
   4.  RESULTS
--------------------------------------------------------------------------------

 ---------------------------------------------------

     eedmeth=4: Setting switch to one everywhere

 ---------------------------------------------------
| Local SIZE OF NONBOND LIST =    2034571
| TOTAL SIZE OF NONBOND LIST =    2034571


   NSTEP       ENERGY          RMS            GMAX         NAME    NUMBER
      1      -1.2883E+03     7.9735E+01     5.0281E+03     HA       1460

 BOND    =      478.7413  ANGLE   =      460.1532  DIHED      =     2259.6237
 VDWAALS =     -463.0011  EEL     =   -13422.0923  HBOND      =        0.0000
 1-4 VDW =     1021.3130  1-4 EEL =     8376.9610  RESTRAINT  =        0.0000


   NSTEP       ENERGY          RMS            GMAX         NAME    NUMBER
    500      -4.2178E+03     1.0249E+00     2.2502E+01     CG       1386

 BOND    =       85.1918  ANGLE   =      385.1844  DIHED      =     2238.1519
 VDWAALS =    -1565.1770  EEL     =   -14086.6701  HBOND      =        0.0000
 1-4 VDW =      618.8883  1-4 EEL =     8098.7014  RESTRAINT  =        7.8996
 EAMBER  =    -4225.7292


   NSTEP       ENERGY          RMS            GMAX         NAME    NUMBER
   1000      -4.2145E+03     5.1935E-01     3.2324E+01     CG        757

 BOND    =       86.8765  ANGLE   =      394.2942  DIHED      =     2220.0712
 VDWAALS =    -1566.2797  EEL     =   -14044.9598  HBOND      =        0.0000
 1-4 VDW =      611.7705  1-4 EEL =     8074.0881  RESTRAINT  =        9.6281
 EAMBER  =    -4224.1390


   NSTEP       ENERGY          RMS            GMAX         NAME    NUMBER
   1500      -4.1908E+03     1.5998E-01     1.7061E+00     CD        196

 BOND    =       88.9376  ANGLE   =      402.0353  DIHED      =     2207.6291
 VDWAALS =    -1562.9042  EEL     =   -13998.5313  HBOND      =        0.0000
 1-4 VDW =      608.7158  1-4 EEL =     8053.1706  RESTRAINT  =       10.1072
 EAMBER  =    -4200.9472


   NSTEP       ENERGY          RMS            GMAX         NAME    NUMBER
   2000      -4.1208E+03     2.2643E-01     3.6225E+00     CZ3       369

 BOND    =       89.8516  ANGLE   =      405.1258  DIHED      =     2200.5800
 VDWAALS =    -1561.0760  EEL     =   -13918.1351  HBOND      =        0.0000
 1-4 VDW =      609.6352  1-4 EEL =     8042.9040  RESTRAINT  =       10.3307
 EAMBER  =    -4131.1146


   NSTEP       ENERGY          RMS            GMAX         NAME    NUMBER
   2500      -4.0709E+03     2.7856E-01     8.1823E+00     CG        914

 BOND    =       90.2049  ANGLE   =      406.5277  DIHED      =     2198.3421
 VDWAALS =    -1559.9756  EEL     =   -13863.0828  HBOND      =        0.0000
 1-4 VDW =      610.2080  1-4 EEL =     8036.4223  RESTRAINT  =       10.4520
 EAMBER  =    -4081.3534


   NSTEP       ENERGY          RMS            GMAX         NAME    NUMBER
   3000      -4.0865E+03     3.4614E-01     1.3375E+01     CG        631

 BOND    =       90.3260  ANGLE   =      408.0219  DIHED      =     2196.8730
 VDWAALS =    -1557.3666  EEL     =   -13876.1010  HBOND      =        0.0000
 1-4 VDW =      610.6825  1-4 EEL =     8030.4634  RESTRAINT  =       10.6437
 EAMBER  =    -4097.1007


   NSTEP       ENERGY          RMS            GMAX         NAME    NUMBER
   3500      -4.0961E+03     1.1766E-01     4.5706E+00     CG        414

 BOND    =       90.4338  ANGLE   =      408.5020  DIHED      =     2197.3902
 VDWAALS =    -1554.9754  EEL     =   -13885.5065  HBOND      =        0.0000
 1-4 VDW =      610.7691  1-4 EEL =     8026.4897  RESTRAINT  =       10.8151
 EAMBER  =    -4106.8971


   NSTEP       ENERGY          RMS            GMAX         NAME    NUMBER
   4000      -4.0541E+03     3.9390E-01     1.0362E+01     CG        414

 BOND    =       91.3792  ANGLE   =      410.1705  DIHED      =     2197.2578
 VDWAALS =    -1553.0016  EEL     =   -13840.6555  HBOND      =        0.0000
 1-4 VDW =      609.8540  1-4 EEL =     8019.9592  RESTRAINT  =       10.9855
 EAMBER  =    -4065.0364


   NSTEP       ENERGY          RMS            GMAX         NAME    NUMBER
   4500      -4.1792E+03     1.2611E-01     2.7601E+00     CZ3       369

 BOND    =       91.2621  ANGLE   =      410.8606  DIHED      =     2194.7366
 VDWAALS =    -1551.3935  EEL     =   -13960.9588  HBOND      =        0.0000
 1-4 VDW =      609.2213  1-4 EEL =     8015.8366  RESTRAINT  =       11.2403
 EAMBER  =    -4190.4351


   NSTEP       ENERGY          RMS            GMAX         NAME    NUMBER
   5000      -4.1442E+03     1.9798E-01     2.5892E+00     C         433

 BOND    =       91.3041  ANGLE   =      411.6128  DIHED      =     2193.7930
 VDWAALS =    -1549.9268  EEL     =   -13923.2442  HBOND      =        0.0000
 1-4 VDW =      609.0540  1-4 EEL =     8011.7374  RESTRAINT  =       11.4369
 EAMBER  =    -4155.6697


   NSTEP       ENERGY          RMS            GMAX         NAME    NUMBER
   5500      -4.1664E+03     3.1290E-01     4.7408E+00     CG        414

 BOND    =       94.2529  ANGLE   =      422.4196  DIHED      =     2199.0989
 VDWAALS =    -1541.9043  EEL     =   -13954.3965  HBOND      =        0.0000
 1-4 VDW =      608.5747  1-4 EEL =     7993.4509  RESTRAINT  =       12.0595
 EAMBER  =    -4178.5036


   NSTEP       ENERGY          RMS            GMAX         NAME    NUMBER
   6000      -4.2726E+03     1.9761E-01     2.8050E+00     NH1       835

 BOND    =       94.1686  ANGLE   =      421.8506  DIHED      =     2197.9455
 VDWAALS =    -1540.8397  EEL     =   -14060.0646  HBOND      =        0.0000
 1-4 VDW =      608.9470  1-4 EEL =     7992.8967  RESTRAINT  =       12.4718
 EAMBER  =    -4285.0958


   NSTEP       ENERGY          RMS            GMAX         NAME    NUMBER
   6500      -4.1974E+03     1.4735E-01     2.2862E+00     ND2       885

 BOND    =       94.6238  ANGLE   =      421.1344  DIHED      =     2196.7213
 VDWAALS =    -1543.5389  EEL     =   -13979.6153  HBOND      =        0.0000
 1-4 VDW =      608.2937  1-4 EEL =     7992.4276  RESTRAINT  =       12.5877
 EAMBER  =    -4209.9534


   NSTEP       ENERGY          RMS            GMAX         NAME    NUMBER
   7000      -4.2756E+03     1.5147E-01     2.8978E+00     CG        414

 BOND    =       94.8093  ANGLE   =      421.3336  DIHED      =     2197.1996
 VDWAALS =    -1545.0683  EEL     =   -14055.3375  HBOND      =        0.0000
 1-4 VDW =      607.7534  1-4 EEL =     7990.9028  RESTRAINT  =       12.7988
 EAMBER  =    -4288.4071


   NSTEP       ENERGY          RMS            GMAX         NAME    NUMBER
   7500      -4.2234E+03     1.2056E-01     1.2856E+00     CG        414

 BOND    =       95.4195  ANGLE   =      422.3449  DIHED      =     2198.9483
 VDWAALS =    -1547.4602  EEL     =   -14001.4680  HBOND      =        0.0000
 1-4 VDW =      607.7173  1-4 EEL =     7988.0734  RESTRAINT  =       13.0634
 EAMBER  =    -4236.4249


   NSTEP       ENERGY          RMS            GMAX         NAME    NUMBER
   8000      -4.0704E+03     2.6668E-01     7.8036E+00     CD        130

 BOND    =       95.5232  ANGLE   =      424.7486  DIHED      =     2200.0297
 VDWAALS =    -1550.4541  EEL     =   -13850.9415  HBOND      =        0.0000
 1-4 VDW =      608.3472  1-4 EEL =     7989.0963  RESTRAINT  =       13.2007
 EAMBER  =    -4083.6507


   NSTEP       ENERGY          RMS            GMAX         NAME    NUMBER
   8500      -4.3159E+03     1.4276E-01     2.2359E+00     O         406

 BOND    =       95.9107  ANGLE   =      427.2764  DIHED      =     2202.6865
 VDWAALS =    -1547.2618  EEL     =   -14108.5834  HBOND      =        0.0000
 1-4 VDW =      609.2927  1-4 EEL =     7991.3813  RESTRAINT  =       13.4225
 EAMBER  =    -4329.2976


   NSTEP       ENERGY          RMS            GMAX         NAME    NUMBER
   9000      -4.2846E+03     1.5231E-01     3.2232E+00     CG        414

 BOND    =       95.9352  ANGLE   =      428.2933  DIHED      =     2202.8667
 VDWAALS =    -1547.0843  EEL     =   -14079.9422  HBOND      =        0.0000
 1-4 VDW =      610.0843  1-4 EEL =     7991.7052  RESTRAINT  =       13.5902
 EAMBER  =    -4298.1417


   NSTEP       ENERGY          RMS            GMAX         NAME    NUMBER
   9500      -4.3877E+03     1.3224E-01     1.9064E+00     OG1       289

 BOND    =       95.9441  ANGLE   =      428.9606  DIHED      =     2205.4486
 VDWAALS =    -1547.3186  EEL     =   -14187.4770  HBOND      =        0.0000
 1-4 VDW =      610.4120  1-4 EEL =     7992.1038  RESTRAINT  =       14.2002
 EAMBER  =    -4401.9265


   NSTEP       ENERGY          RMS            GMAX         NAME    NUMBER
  10000      -4.2872E+03     9.5630E-02     1.1329E+00     O         406

 BOND    =       96.0232  ANGLE   =      428.6502  DIHED      =     2205.3633
 VDWAALS =    -1548.6711  EEL     =   -14083.8757  HBOND      =        0.0000
 1-4 VDW =      610.5613  1-4 EEL =     7990.0844  RESTRAINT  =       14.6180
 EAMBER  =    -4301.8643


  Maximum number of minimization cycles reached.


                    FINAL RESULTS



   NSTEP       ENERGY          RMS            GMAX         NAME    NUMBER
  10000      -4.2872E+03     9.5630E-02     1.1329E+00     O         406

 BOND    =       96.0232  ANGLE   =      428.6502  DIHED      =     2205.3633
 VDWAALS =    -1548.6711  EEL     =   -14083.8757  HBOND      =        0.0000
 1-4 VDW =      610.5613  1-4 EEL =     7990.0844  RESTRAINT  =       14.6180
 EAMBER  =    -4301.8643

--------------------------------------------------------------------------------
   5.  TIMINGS
--------------------------------------------------------------------------------

|                Build the list            11.93 (100.0% of List )
|                Other                      0.01 ( 0.06% of List )
|             List time                 11.94 ( 2.72% of Nonbo)
|                   Short_ene time           423.95 (100.0% of Direc)
|                   Other                      0.18 ( 0.04% of Direc)
|                Direct Ewald time        424.13 (99.51% of Ewald)
|                Other                      2.09 ( 0.49% of Ewald)
|             Ewald time               426.24 (97.27% of Nonbo)
|          Nonbond force            438.18 (94.86% of Force)
|          Bond/Angle/Dihedral       23.66 ( 5.12% of Force)
|          Other                      0.07 ( 0.02% of Force)
|       Force time               461.92 (100.0% of Runmd)
|    Runmd Time               461.92 (88.48% of Total)
|    Other                     60.12 (11.52% of Total)
| Total time               522.04 (100.0% of ALL  )

| Number of list builds   :        401

| Highest rstack allocated:       8185
| Highest istack allocated:       1637
|           Job began  at 06:47:48.103  on 04/06/2020
|           Setup done at 06:47:48.175  on 04/06/2020
|           Run   done at 06:56:30.140  on 04/06/2020
|     wallclock() was called  230835 times

|3D-RISM memory allocation summary
|Type          Maximum        Current   
|Integer       0.00000 GB     0.00000 GB
|Real          0.00000 GB     0.00000 GB
|Logical       0.00000 GB     0.00000 GB
|Character     0.00000 GB     0.00000 GB
|---------------------------------------
|Total         0.00000 GB     0.00000 GB
