
          -------------------------------------------------------
          Amber 18 SANDER                              2018
          -------------------------------------------------------

| Run on 04/02/2020 at 03:54:24

|   Executable path: sander
| Working directory: /home/lachele/Research/SARS-CoV-2/7_MD_Input_Files
|          Hostname: Unknown
  [-O]verwriting output

File Assignments:
|  MDIN: min.in                                                                
| MDOUT: min.out                                                               
|INPCRD: m.rst7                                                                
|  PARM: m.parm7                                                               
|RESTRT: min.rst7                                                              
|  REFC: m.rst7                                                                
| MDVEL: mdvel                                                                 
| MDFRC: mdfrc                                                                 
|  MDEN: mden                                                                  
| MDCRD: min.mdcrd                                                             
|MDINFO: mdinfo                                                                
|  MTMD: mtmd                                                                  
|INPDIP: inpdip                                                                
|RSTDIP: rstdip                                                                
|INPTRA: inptraj                                                               


 Here is the input file:

lachele@pop-os:~/GLYCAM_Dev_Env/V_2/Web_Data/TESTS/build-minimize$ cat save.mol.minin
Gas Phase Minimization with Sander and Restraints                              
 &cntrl                                                                        
  imin = 1, maxcyc = 10000, ncyc = 5000, dt = 0.001 ,                          
  ntb = 0, cut = 20.0, ntmin = 1, nscm = 100, dielc = 1 ,                      
  ntxo = 1, ntwr = 1, ntwx=500, ntpr=500,                                      
  ntr=1, restraint_wt=2.0,                                                     
  restraintmask='!:19-23,34-42,44-46,48,50,114,115,136-142,158-173,177-179,181-188'
 &end                                                                          
                                                                               

--------------------------------------------------------------------------------
   1.  RESOURCE   USE: 
--------------------------------------------------------------------------------

| Flags:                                                                        
|    NONPERIODIC   ntb=0 and igb=0: Setting up nonperiodic simulation
|Largest sphere to fit in unit cell has radius =    47.518
| New format PARM file being parsed.
| Version =    1.000 Date = 04/02/20 Time = 03:24:56
 NATOM  =    2925 NTYPES =      21 NBONH =    1444 MBONA  =    1515
 NTHETH =    3266 MTHETA =    2055 NPHIH =    6723 MPHIA  =    6524
 NHPARM =       0 NPARM  =       0 NNB   =   16070 NRES   =     192
 NBONA  =    1515 NTHETA =    2055 NPHIA =    6524 NUMBND =      75
 NUMANG =     171 NPTRA  =     210 NATYP =      41 NPHB   =       0
 IFBOX  =       0 NMXRS  =      34 IFCAP =       0 NEXTRA =       0
 NCOPY  =       0


|     Memory Use     Allocated
|     Real              245505
|     Hollerith           8969
|     Integer           722781
|     Max Pairs        4276350
|     nblistReal         35100
|     nblist Int        452273
|       Total            23521 kbytes

| Note: 1-4 EEL scale factors are being read from the topology file.

| Note: 1-4 VDW scale factors are being read from the topology file.
| Duplicated    0 dihedrals
| Duplicated    0 dihedrals

--------------------------------------------------------------------------------
   2.  CONTROL  DATA  FOR  THE  RUN
--------------------------------------------------------------------------------

default_name                                                                    

General flags:
     imin    =       1, nmropt  =       0

Nature and format of input:
     ntx     =       1, irest   =       0, ntrx    =       1

Nature and format of output:
     ntxo    =       1, ntpr    =     500, ntrx    =       1, ntwr    =       1
     iwrap   =       0, ntwx    =     500, ntwv    =       0, ntwe    =       0
     ioutfm  =       1, ntwprt  =       0, idecomp =       0, rbornstat=      0

Potential function:
     ntf     =       1, ntb     =       0, igb     =       0, nsnb    =      25
     ipol    =       0, gbsa    =       0, iesp    =       0
     dielc   =   1.00000, cut     =  20.00000, intdiel =   1.00000

Frozen or restrained atoms:
     ibelly  =       0, ntr     =       1
     restraint_wt =   2.00000

Energy minimization:
     maxcyc  =   10000, ncyc    =    5000, ntmin   =       1
     dx0     =   0.01000, drms    =   0.00010
|  INFO: Old style inpcrd file read


    LOADING THE CONSTRAINED ATOMS AS GROUPS


   5.  REFERENCE ATOM COORDINATES

  defa
     Mask !:19-23,34-42,44-46,48,50,114,115,136-142,158-173,177-179,181-188; matches  2137 atoms

--------------------------------------------------------------------------------
   3.  ATOMIC COORDINATES AND VELOCITIES
--------------------------------------------------------------------------------

default_name                                                                    
 begin time read from input coords =     0.000 ps

 Number of triangulated 3-point waters found:        0

     Sum of charges from parm topology file =   0.00000189
     Forcing neutrality...

--------------------------------------------------------------------------------
   4.  RESULTS
--------------------------------------------------------------------------------

 ---------------------------------------------------

     eedmeth=4: Setting switch to one everywhere

 ---------------------------------------------------
| Local SIZE OF NONBOND LIST =    2034571
| TOTAL SIZE OF NONBOND LIST =    2034571


   NSTEP       ENERGY          RMS            GMAX         NAME    NUMBER
      1      -1.2883E+03     7.9735E+01     5.0281E+03     HA       1460

 BOND    =      478.7413  ANGLE   =      460.1532  DIHED      =     2259.6237
 VDWAALS =     -463.0011  EEL     =   -13422.0923  HBOND      =        0.0000
 1-4 VDW =     1021.3130  1-4 EEL =     8376.9610  RESTRAINT  =        0.0000


   NSTEP       ENERGY          RMS            GMAX         NAME    NUMBER
    500      -3.9499E+03     4.4355E-01     1.3062E+01     CE2       364

 BOND    =       76.8551  ANGLE   =      364.8977  DIHED      =     2247.0697
 VDWAALS =    -1561.6647  EEL     =   -13975.8299  HBOND      =        0.0000
 1-4 VDW =      635.7823  1-4 EEL =     8132.3157  RESTRAINT  =      130.6913
 EAMBER  =    -4080.5741


   NSTEP       ENERGY          RMS            GMAX         NAME    NUMBER
   1000      -3.8644E+03     1.6376E-01     2.8038E+00     HG1      2820

 BOND    =       78.2530  ANGLE   =      365.8168  DIHED      =     2234.3252
 VDWAALS =    -1557.5054  EEL     =   -13905.4303  HBOND      =        0.0000
 1-4 VDW =      631.2041  1-4 EEL =     8119.7042  RESTRAINT  =      169.2237
 EAMBER  =    -4033.6324


   NSTEP       ENERGY          RMS            GMAX         NAME    NUMBER
   1500      -3.7685E+03     2.2036E-01     3.4507E+00     C        1243

 BOND    =       78.7171  ANGLE   =      366.2808  DIHED      =     2230.2991
 VDWAALS =    -1556.4453  EEL     =   -13812.5498  HBOND      =        0.0000
 1-4 VDW =      631.2703  1-4 EEL =     8119.5662  RESTRAINT  =      174.3384
 EAMBER  =    -3942.8617


   NSTEP       ENERGY          RMS            GMAX         NAME    NUMBER
   2000      -3.9267E+03     1.1575E-01     3.7354E+00     CG       2763

 BOND    =       78.9799  ANGLE   =      366.0198  DIHED      =     2228.4292
 VDWAALS =    -1557.0039  EEL     =   -13968.6686  HBOND      =        0.0000
 1-4 VDW =      631.5270  1-4 EEL =     8118.6047  RESTRAINT  =      175.4500
 EAMBER  =    -4102.1120


   NSTEP       ENERGY          RMS            GMAX         NAME    NUMBER
   2500      -4.0710E+03     2.7278E-01     7.6456E+00     CZ3       369

 BOND    =       79.3942  ANGLE   =      365.7090  DIHED      =     2227.4652
 VDWAALS =    -1556.6042  EEL     =   -14112.0676  HBOND      =        0.0000
 1-4 VDW =      631.5568  1-4 EEL =     8119.3155  RESTRAINT  =      174.2232
 EAMBER  =    -4245.2311


   NSTEP       ENERGY          RMS            GMAX         NAME    NUMBER
   3000      -4.2005E+03     1.4835E-01     4.0936E+00     CG       2763

 BOND    =       79.6408  ANGLE   =      366.1210  DIHED      =     2227.3292
 VDWAALS =    -1554.9390  EEL     =   -14240.6571  HBOND      =        0.0000
 1-4 VDW =      631.7570  1-4 EEL =     8116.5590  RESTRAINT  =      173.7103
 EAMBER  =    -4374.1891


   NSTEP       ENERGY          RMS            GMAX         NAME    NUMBER
   3500      -4.0802E+03     1.4943E-01     6.2401E+00     CD       1050

 BOND    =       79.6758  ANGLE   =      366.5805  DIHED      =     2226.9742
 VDWAALS =    -1554.0581  EEL     =   -14120.4004  HBOND      =        0.0000
 1-4 VDW =      632.0303  1-4 EEL =     8115.2345  RESTRAINT  =      173.8118
 EAMBER  =    -4253.9631


   NSTEP       ENERGY          RMS            GMAX         NAME    NUMBER
   4000      -4.1168E+03     5.0406E-02     8.9816E-01     CG       1211

 BOND    =       79.8057  ANGLE   =      367.0072  DIHED      =     2226.7013
 VDWAALS =    -1553.4393  EEL     =   -14157.0783  HBOND      =        0.0000
 1-4 VDW =      632.2686  1-4 EEL =     8114.0219  RESTRAINT  =      173.9401
 EAMBER  =    -4290.7129


   NSTEP       ENERGY          RMS            GMAX         NAME    NUMBER
   4500      -4.0987E+03     8.5529E-02     3.2053E+00     CG        402

 BOND    =       79.9205  ANGLE   =      367.5372  DIHED      =     2226.3253
 VDWAALS =    -1553.3057  EEL     =   -14138.4874  HBOND      =        0.0000
 1-4 VDW =      632.2648  1-4 EEL =     8113.1295  RESTRAINT  =      173.9639
 EAMBER  =    -4272.6158


   NSTEP       ENERGY          RMS            GMAX         NAME    NUMBER
   5000      -4.1506E+03     4.8128E-02     8.2523E-01     O        2491

 BOND    =       79.9904  ANGLE   =      367.8350  DIHED      =     2225.9255
 VDWAALS =    -1553.2654  EEL     =   -14189.9990  HBOND      =        0.0000
 1-4 VDW =      632.2276  1-4 EEL =     8112.8586  RESTRAINT  =      173.8359
 EAMBER  =    -4324.4273


   NSTEP       ENERGY          RMS            GMAX         NAME    NUMBER
   5500      -4.1356E+03     8.9974E-02     1.4886E+00     NE2       988

 BOND    =       80.1743  ANGLE   =      368.9541  DIHED      =     2225.3836
 VDWAALS =    -1551.9911  EEL     =   -14175.7620  HBOND      =        0.0000
 1-4 VDW =      632.1786  1-4 EEL =     8111.1426  RESTRAINT  =      174.3238
 EAMBER  =    -4309.9198


   NSTEP       ENERGY          RMS            GMAX         NAME    NUMBER
   6000      -4.1941E+03     8.0111E-02     8.6267E-01     NE2      1199

 BOND    =       80.2963  ANGLE   =      369.2674  DIHED      =     2225.2107
 VDWAALS =    -1552.0901  EEL     =   -14234.2581  HBOND      =        0.0000
 1-4 VDW =      632.0363  1-4 EEL =     8111.1957  RESTRAINT  =      174.2846
 EAMBER  =    -4368.3419


   NSTEP       ENERGY          RMS            GMAX         NAME    NUMBER
   6500      -4.3138E+03     7.7712E-02     1.3717E+00     CG       2262

 BOND    =       80.1573  ANGLE   =      369.2194  DIHED      =     2225.2686
 VDWAALS =    -1552.1863  EEL     =   -14354.3862  HBOND      =        0.0000
 1-4 VDW =      632.2191  1-4 EEL =     8111.4531  RESTRAINT  =      174.4335
 EAMBER  =    -4488.2549


   NSTEP       ENERGY          RMS            GMAX         NAME    NUMBER
   7000      -4.3106E+03     9.0662E-02     1.2846E+00     NE2      1199

 BOND    =       80.1933  ANGLE   =      369.3910  DIHED      =     2225.3884
 VDWAALS =    -1552.6123  EEL     =   -14350.5963  HBOND      =        0.0000
 1-4 VDW =      632.3046  1-4 EEL =     8110.9542  RESTRAINT  =      174.3944
 EAMBER  =    -4484.9772


   NSTEP       ENERGY          RMS            GMAX         NAME    NUMBER
   7500      -4.2231E+03     8.4471E-02     1.1679E+00     NE2      1199

 BOND    =       80.2177  ANGLE   =      369.7192  DIHED      =     2225.6236
 VDWAALS =    -1552.8053  EEL     =   -14262.9251  HBOND      =        0.0000
 1-4 VDW =      632.2931  1-4 EEL =     8110.3521  RESTRAINT  =      174.4401
 EAMBER  =    -4397.5246


   NSTEP       ENERGY          RMS            GMAX         NAME    NUMBER
   8000      -4.2405E+03     8.0900E-02     1.3475E+00     NE2      1199

 BOND    =       80.3612  ANGLE   =      370.0731  DIHED      =     2225.7619
 VDWAALS =    -1553.2643  EEL     =   -14280.6705  HBOND      =        0.0000
 1-4 VDW =      632.3818  1-4 EEL =     8110.1631  RESTRAINT  =      174.6694
 EAMBER  =    -4415.1936


   NSTEP       ENERGY          RMS            GMAX         NAME    NUMBER
   8500      -4.2630E+03     7.1731E-02     1.0798E+00     CG        319

 BOND    =       80.4017  ANGLE   =      370.1170  DIHED      =     2226.0137
 VDWAALS =    -1553.2706  EEL     =   -14303.9950  HBOND      =        0.0000
 1-4 VDW =      632.5706  1-4 EEL =     8110.4028  RESTRAINT  =      174.7110
 EAMBER  =    -4437.7599


   NSTEP       ENERGY          RMS            GMAX         NAME    NUMBER
   9000      -4.2426E+03     6.6599E-02     1.1519E+00     HD22      323

 BOND    =       80.3224  ANGLE   =      370.1078  DIHED      =     2226.4260
 VDWAALS =    -1553.2536  EEL     =   -14284.2729  HBOND      =        0.0000
 1-4 VDW =      632.7041  1-4 EEL =     8110.5980  RESTRAINT  =      174.7475
 EAMBER  =    -4417.3682


   NSTEP       ENERGY          RMS            GMAX         NAME    NUMBER
   9500      -4.2592E+03     7.5989E-02     1.0187E+00     CG        414

 BOND    =       80.3619  ANGLE   =      370.3963  DIHED      =     2226.5303
 VDWAALS =    -1553.5511  EEL     =   -14300.9169  HBOND      =        0.0000
 1-4 VDW =      632.8113  1-4 EEL =     8110.4637  RESTRAINT  =      174.7218
 EAMBER  =    -4433.9046


   NSTEP       ENERGY          RMS            GMAX         NAME    NUMBER
  10000      -4.2204E+03     7.3182E-02     9.7053E-01     HD22      323

 BOND    =       80.4254  ANGLE   =      370.9778  DIHED      =     2226.5001
 VDWAALS =    -1553.3285  EEL     =   -14262.9705  HBOND      =        0.0000
 1-4 VDW =      632.7449  1-4 EEL =     8110.4211  RESTRAINT  =      174.8736
 EAMBER  =    -4395.2297


  Maximum number of minimization cycles reached.


                    FINAL RESULTS



   NSTEP       ENERGY          RMS            GMAX         NAME    NUMBER
  10000      -4.2204E+03     7.3182E-02     9.7053E-01     HD22      323

 BOND    =       80.4254  ANGLE   =      370.9778  DIHED      =     2226.5001
 VDWAALS =    -1553.3285  EEL     =   -14262.9705  HBOND      =        0.0000
 1-4 VDW =      632.7449  1-4 EEL =     8110.4211  RESTRAINT  =      174.8736
 EAMBER  =    -4395.2297

--------------------------------------------------------------------------------
   5.  TIMINGS
--------------------------------------------------------------------------------

|                Build the list            12.34 (100.0% of List )
|                Other                      0.01 ( 0.06% of List )
|             List time                 12.35 ( 2.73% of Nonbo)
|                   Short_ene time           437.10 (100.0% of Direc)
|                   Other                      0.20 ( 0.05% of Direc)
|                Direct Ewald time        437.30 (99.51% of Ewald)
|                Other                      2.16 ( 0.49% of Ewald)
|             Ewald time               439.47 (97.27% of Nonbo)
|          Nonbond force            451.82 (94.85% of Force)
|          Bond/Angle/Dihedral       24.31 ( 5.10% of Force)
|          Other                      0.21 ( 0.04% of Force)
|       Force time               476.34 (100.0% of Runmd)
|    Runmd Time               476.34 (88.45% of Total)
|    Other                     62.19 (11.55% of Total)
| Total time               538.54 (100.0% of ALL  )

| Number of list builds   :        401

| Highest rstack allocated:       8125
| Highest istack allocated:       1625
|           Job began  at 03:54:24.983  on 04/02/2020
|           Setup done at 03:54:25.057  on 04/02/2020
|           Run   done at 04:03:23.521  on 04/02/2020
|     wallclock() was called  230835 times

|3D-RISM memory allocation summary
|Type          Maximum        Current   
|Integer       0.00000 GB     0.00000 GB
|Real          0.00000 GB     0.00000 GB
|Logical       0.00000 GB     0.00000 GB
|Character     0.00000 GB     0.00000 GB
|---------------------------------------
|Total         0.00000 GB     0.00000 GB
