
          -------------------------------------------------------
          Amber 18 SANDER                              2018
          -------------------------------------------------------

| Run on 04/06/2020 at 07:12:31

|   Executable path: sander
| Working directory: /home/lachele/Research/SARS-CoV-2/7_MD_Input_Files
|          Hostname: Unknown
  [-O]verwriting output

File Assignments:
|  MDIN: third_min.in                                                          
| MDOUT: lav-ace-6lu7_min3.out                                                 
|INPCRD: lav-ace-6lu7_min2.rst7                                                
|  PARM: lav-ace-6lu7.parm7                                                    
|RESTRT: lav-ace-6lu7_min3.rst7                                                
|  REFC: lav-ace-6lu7_min2.rst7                                                
| MDVEL: mdvel                                                                 
| MDFRC: mdfrc                                                                 
|  MDEN: mden                                                                  
| MDCRD: lav-ace-6lu7_min3.nc                                                  
|MDINFO: mdinfo                                                                
|  MTMD: mtmd                                                                  
|INPDIP: inpdip                                                                
|RSTDIP: rstdip                                                                
|INPTRA: inptraj                                                               


 Here is the input file:

Gas Phase Minimization with Restraints                                         
 &cntrl                                                                        
  imin = 1, maxcyc = 10000, ncyc = 5000, dt = 0.001 ,                          
  ntb = 0, cut = 20.0, ntmin = 1, nscm = 100, dielc = 1 ,                      
  ntxo = 1, ntwr = 1, ntwx=500, ntpr=500,                                      
  ntr=1,                                                                       
 &end                                                                          
Lightly restrain carbon-alpha in the binding site                              
0.5                                                                            
FIND                                                                           
CA * * *                                                                       
SEARCH                                                                         
RES 18 22 33 41 43 45 47 47 49 49 113 114 135 141 157 172 176 178 180 187      
END                                                                            
END                                                                            
Restrain carbon-alpha in NEAR atoms                                            
2.0                                                                            
FIND                                                                           
CA * * *                                                                       
SEARCH                                                                         
RES 12 17 23 27 31 32 42 42 46 46 48 48 50 56 60 62 77 84 98 103 107 112 115 118 121 134 142 144 154 156 173 175 179 179 188 190
END                                                                            
END                                                                            
Restrain all FAR atoms                                                         
2.0                                                                            
RES 1 11 28 30 57 59 63 76 85 97 104 106 119 120 145 153 191 191               
END                                                                            
END                                                                            

--------------------------------------------------------------------------------
   1.  RESOURCE   USE: 
--------------------------------------------------------------------------------

| Flags:                                                                        
|    NONPERIODIC   ntb=0 and igb=0: Setting up nonperiodic simulation
|Largest sphere to fit in unit cell has radius =    46.697
| New format PARM file being parsed.
| Version =    1.000 Date = 04/02/20 Time = 03:24:56
 NATOM  =    2925 NTYPES =      21 NBONH =    1444 MBONA  =    1515
 NTHETH =    3266 MTHETA =    2055 NPHIH =    6723 MPHIA  =    6524
 NHPARM =       0 NPARM  =       0 NNB   =   16070 NRES   =     192
 NBONA  =    1515 NTHETA =    2055 NPHIA =    6524 NUMBND =      75
 NUMANG =     171 NPTRA  =     210 NATYP =      41 NPHB   =       0
 IFBOX  =       0 NMXRS  =      34 IFCAP =       0 NEXTRA =       0
 NCOPY  =       0


|     Memory Use     Allocated
|     Real              245493
|     Hollerith           8969
|     Integer           722781
|     Max Pairs        4276350
|     nblistReal         35100
|     nblist Int        430955
|       Total            23438 kbytes

| Note: 1-4 EEL scale factors are being read from the topology file.

| Note: 1-4 VDW scale factors are being read from the topology file.
| Duplicated    0 dihedrals
| Duplicated    0 dihedrals

--------------------------------------------------------------------------------
   2.  CONTROL  DATA  FOR  THE  RUN
--------------------------------------------------------------------------------

default_name                                                                    

General flags:
     imin    =       1, nmropt  =       0

Nature and format of input:
     ntx     =       1, irest   =       0, ntrx    =       1

Nature and format of output:
     ntxo    =       1, ntpr    =     500, ntrx    =       1, ntwr    =       1
     iwrap   =       0, ntwx    =     500, ntwv    =       0, ntwe    =       0
     ioutfm  =       1, ntwprt  =       0, idecomp =       0, rbornstat=      0

Potential function:
     ntf     =       1, ntb     =       0, igb     =       0, nsnb    =      25
     ipol    =       0, gbsa    =       0, iesp    =       0
     dielc   =   1.00000, cut     =  20.00000, intdiel =   1.00000

Frozen or restrained atoms:
     ibelly  =       0, ntr     =       1
     restraint_wt =   0.00000

Energy minimization:
     maxcyc  =   10000, ncyc    =    5000, ntmin   =       1
     dx0     =   0.01000, drms    =   0.00010
|  INFO: Old style inpcrd file read


    LOADING THE CONSTRAINED ATOMS AS GROUPS


   5.  REFERENCE ATOM COORDINATES

  defa
    ----- READING GROUP     1; TITLE:
 Lightly restrain carbon-alpha in the binding site                           

     GROUP    1 HAS HARMONIC CONSTRAINTS     0.50000
      ALL ATOMS THAT MEET 1 OF THE FOLLOWING SPECIFICATIONS WILL BE INCLUDED IN GROUP BELOW

      GRAPH NAME  = CA    SYMBOL  = *     TREE SYMBOL  = *     RESIDUE TYPE  = *   

 GRP    1 RES   18 TO    22
 GRP    1 RES   33 TO    41
 GRP    1 RES   43 TO    45
 GRP    1 RES   47 TO    47
 GRP    1 RES   49 TO    49
 GRP    1 RES  113 TO   114
 GRP    1 RES  135 TO   141
 GRP    1 RES  157 TO   172
 GRP    1 RES  176 TO   178
 GRP    1 RES  180 TO   187
      Number of atoms in this group  =    55
    ----- END OF GROUP READ -----

--------------------------------------------------------------------------------
   3.  ATOMIC COORDINATES AND VELOCITIES
--------------------------------------------------------------------------------

defa                                                                            
 begin time read from input coords =     0.000 ps

 Number of triangulated 3-point waters found:        0

     Sum of charges from parm topology file =   0.00000189
     Forcing neutrality...

--------------------------------------------------------------------------------
   4.  RESULTS
--------------------------------------------------------------------------------

 ---------------------------------------------------

     eedmeth=4: Setting switch to one everywhere

 ---------------------------------------------------
| Local SIZE OF NONBOND LIST =    2059312
| TOTAL SIZE OF NONBOND LIST =    2059312


   NSTEP       ENERGY          RMS            GMAX         NAME    NUMBER
      1      -4.4032E+03     1.0096E-01     1.9373E+00     CD        130

 BOND    =       98.3046  ANGLE   =      431.1507  DIHED      =     2202.9893
 VDWAALS =    -1564.4233  EEL     =   -14160.7984  HBOND      =        0.0000
 1-4 VDW =      607.6589  1-4 EEL =     7981.9636  RESTRAINT  =        0.0000


   NSTEP       ENERGY          RMS            GMAX         NAME    NUMBER
    500      -4.3363E+03     8.6105E-02     1.0960E+00     N         186

 BOND    =       98.4989  ANGLE   =      431.6642  DIHED      =     2203.1751
 VDWAALS =    -1564.1852  EEL     =   -14094.5053  HBOND      =        0.0000
 1-4 VDW =      607.4226  1-4 EEL =     7981.6244  RESTRAINT  =        0.0017
 EAMBER  =    -4336.3054


   NSTEP       ENERGY          RMS            GMAX         NAME    NUMBER
   1000      -4.2823E+03     4.6675E-02     7.6374E-01     CD        130

 BOND    =       98.5921  ANGLE   =      432.0364  DIHED      =     2203.2856
 VDWAALS =    -1564.0301  EEL     =   -14040.7739  HBOND      =        0.0000
 1-4 VDW =      607.4573  1-4 EEL =     7981.1398  RESTRAINT  =        0.0051
 EAMBER  =    -4282.2928


   NSTEP       ENERGY          RMS            GMAX         NAME    NUMBER
   1500      -4.3361E+03     5.1247E-02     7.8655E-01     OE1       131

 BOND    =       98.7204  ANGLE   =      432.4291  DIHED      =     2203.3069
 VDWAALS =    -1563.8102  EEL     =   -14094.7107  HBOND      =        0.0000
 1-4 VDW =      607.3991  1-4 EEL =     7980.5550  RESTRAINT  =        0.0102
 EAMBER  =    -4336.1104


   NSTEP       ENERGY          RMS            GMAX         NAME    NUMBER
   2000      -4.2593E+03     6.8053E-02     2.2769E+00     CD        130

 BOND    =       98.7388  ANGLE   =      432.5585  DIHED      =     2203.1888
 VDWAALS =    -1563.8075  EEL     =   -14018.1542  HBOND      =        0.0000
 1-4 VDW =      607.5004  1-4 EEL =     7980.6517  RESTRAINT  =        0.0163
 EAMBER  =    -4259.3235


   NSTEP       ENERGY          RMS            GMAX         NAME    NUMBER
   2500      -4.2650E+03     6.8477E-02     1.6421E+00     CD        130

 BOND    =       98.8431  ANGLE   =      432.7590  DIHED      =     2203.0524
 VDWAALS =    -1563.5377  EEL     =   -14023.8219  HBOND      =        0.0000
 1-4 VDW =      607.4478  1-4 EEL =     7980.2091  RESTRAINT  =        0.0231
 EAMBER  =    -4265.0481


   NSTEP       ENERGY          RMS            GMAX         NAME    NUMBER
   3000      -4.2846E+03     4.4998E-02     6.2529E-01     ND2      1213

 BOND    =       98.9256  ANGLE   =      432.9385  DIHED      =     2202.9328
 VDWAALS =    -1563.7150  EEL     =   -14042.9568  HBOND      =        0.0000
 1-4 VDW =      607.4426  1-4 EEL =     7979.7838  RESTRAINT  =        0.0297
 EAMBER  =    -4284.6485


   NSTEP       ENERGY          RMS            GMAX         NAME    NUMBER
   3500      -4.2301E+03     4.8588E-02     8.5222E-01     OE1       131

 BOND    =       99.0378  ANGLE   =      433.1062  DIHED      =     2202.8070
 VDWAALS =    -1563.5552  EEL     =   -13987.9963  HBOND      =        0.0000
 1-4 VDW =      607.3974  1-4 EEL =     7979.0966  RESTRAINT  =        0.0362
 EAMBER  =    -4230.1065


   NSTEP       ENERGY          RMS            GMAX         NAME    NUMBER
   4000      -4.3368E+03     4.4768E-02     7.1256E-01     OE2      2470

 BOND    =       99.1133  ANGLE   =      433.2639  DIHED      =     2202.8034
 VDWAALS =    -1563.3478  EEL     =   -14094.7740  HBOND      =        0.0000
 1-4 VDW =      607.3895  1-4 EEL =     7978.7195  RESTRAINT  =        0.0432
 EAMBER  =    -4336.8322


   NSTEP       ENERGY          RMS            GMAX         NAME    NUMBER
   4500      -4.2370E+03     4.6970E-02     7.5422E-01     OD2      2765

 BOND    =       99.1254  ANGLE   =      433.2633  DIHED      =     2202.8280
 VDWAALS =    -1563.1611  EEL     =   -13994.8797  HBOND      =        0.0000
 1-4 VDW =      607.4883  1-4 EEL =     7978.3296  RESTRAINT  =        0.0507
 EAMBER  =    -4237.0061


   NSTEP       ENERGY          RMS            GMAX         NAME    NUMBER
   5000      -4.2537E+03     4.7826E-02     6.2426E-01     C        2868

 BOND    =       99.0606  ANGLE   =      433.3231  DIHED      =     2202.7247
 VDWAALS =    -1563.2327  EEL     =   -14011.6696  HBOND      =        0.0000
 1-4 VDW =      607.6634  1-4 EEL =     7978.3504  RESTRAINT  =        0.0605
 EAMBER  =    -4253.7801


   NSTEP       ENERGY          RMS            GMAX         NAME    NUMBER
   5500      -4.3063E+03     9.0915E-02     1.1337E+00     OE2      2470

 BOND    =       99.0350  ANGLE   =      433.5884  DIHED      =     2202.4754
 VDWAALS =    -1562.6713  EEL     =   -14064.2502  HBOND      =        0.0000
 1-4 VDW =      607.8231  1-4 EEL =     7977.5756  RESTRAINT  =        0.1002
 EAMBER  =    -4306.4242


   NSTEP       ENERGY          RMS            GMAX         NAME    NUMBER
   6000      -4.2562E+03     8.9063E-02     1.0616E+00     NE2       198

 BOND    =       99.0242  ANGLE   =      433.9506  DIHED      =     2202.4911
 VDWAALS =    -1563.0305  EEL     =   -14014.0058  HBOND      =        0.0000
 1-4 VDW =      607.8647  1-4 EEL =     7977.3910  RESTRAINT  =        0.1340
 EAMBER  =    -4256.3147


   NSTEP       ENERGY          RMS            GMAX         NAME    NUMBER
   6500      -4.2513E+03     8.7877E-02     9.4257E-01     OE2      2470

 BOND    =       99.0300  ANGLE   =      434.5973  DIHED      =     2202.4329
 VDWAALS =    -1563.3009  EEL     =   -14009.4978  HBOND      =        0.0000
 1-4 VDW =      608.0325  1-4 EEL =     7977.1994  RESTRAINT  =        0.1721
 EAMBER  =    -4251.5066


   NSTEP       ENERGY          RMS            GMAX         NAME    NUMBER
   7000      -4.3432E+03     9.4171E-02     1.4699E+00     OE1      2633

 BOND    =       99.0687  ANGLE   =      435.0421  DIHED      =     2202.3926
 VDWAALS =    -1563.0370  EEL     =   -14102.4221  HBOND      =        0.0000
 1-4 VDW =      608.1588  1-4 EEL =     7977.4200  RESTRAINT  =        0.2098
 EAMBER  =    -4343.3770


   NSTEP       ENERGY          RMS            GMAX         NAME    NUMBER
   7500      -4.3053E+03     8.8404E-02     1.0250E+00     OE2      2470

 BOND    =       99.0553  ANGLE   =      435.2156  DIHED      =     2202.4748
 VDWAALS =    -1563.6144  EEL     =   -14064.6216  HBOND      =        0.0000
 1-4 VDW =      608.2510  1-4 EEL =     7977.6492  RESTRAINT  =        0.2508
 EAMBER  =    -4305.5900


   NSTEP       ENERGY          RMS            GMAX         NAME    NUMBER
   8000      -4.2670E+03     9.9365E-02     1.5245E+00     C        2889

 BOND    =       99.0056  ANGLE   =      435.2265  DIHED      =     2202.7202
 VDWAALS =    -1563.5457  EEL     =   -14027.2041  HBOND      =        0.0000
 1-4 VDW =      608.4663  1-4 EEL =     7978.0254  RESTRAINT  =        0.2928
 EAMBER  =    -4267.3058


   NSTEP       ENERGY          RMS            GMAX         NAME    NUMBER
   8500      -4.3549E+03     9.3048E-02     1.0485E+00     O         875

 BOND    =       99.1232  ANGLE   =      435.3314  DIHED      =     2203.1597
 VDWAALS =    -1563.8943  EEL     =   -14115.6329  HBOND      =        0.0000
 1-4 VDW =      608.4498  1-4 EEL =     7978.2701  RESTRAINT  =        0.3398
 EAMBER  =    -4355.1929


   NSTEP       ENERGY          RMS            GMAX         NAME    NUMBER
   9000      -4.3901E+03     1.1903E-01     2.6512E+00     CG        414

 BOND    =       99.2916  ANGLE   =      436.7106  DIHED      =     2201.9652
 VDWAALS =    -1562.3152  EEL     =   -14153.0436  HBOND      =        0.0000
 1-4 VDW =      608.7147  1-4 EEL =     7978.1860  RESTRAINT  =        0.4031
 EAMBER  =    -4390.4907


   NSTEP       ENERGY          RMS            GMAX         NAME    NUMBER
   9500      -4.2520E+03     8.9314E-02     1.1829E+00     OD2      2765

 BOND    =       99.2982  ANGLE   =      436.5774  DIHED      =     2201.7024
 VDWAALS =    -1561.7087  EEL     =   -14014.7264  HBOND      =        0.0000
 1-4 VDW =      608.7140  1-4 EEL =     7977.7152  RESTRAINT  =        0.4524
 EAMBER  =    -4252.4279


   NSTEP       ENERGY          RMS            GMAX         NAME    NUMBER
  10000      -4.2946E+03     9.2438E-02     1.3719E+00     ND2      2231

 BOND    =       99.3729  ANGLE   =      436.8207  DIHED      =     2201.1899
 VDWAALS =    -1561.8051  EEL     =   -14056.1123  HBOND      =        0.0000
 1-4 VDW =      608.6182  1-4 EEL =     7976.7754  RESTRAINT  =        0.4948
 EAMBER  =    -4295.1402


  Maximum number of minimization cycles reached.


                    FINAL RESULTS



   NSTEP       ENERGY          RMS            GMAX         NAME    NUMBER
  10000      -4.2946E+03     9.2438E-02     1.3719E+00     ND2      2231

 BOND    =       99.3729  ANGLE   =      436.8207  DIHED      =     2201.1899
 VDWAALS =    -1561.8051  EEL     =   -14056.1123  HBOND      =        0.0000
 1-4 VDW =      608.6182  1-4 EEL =     7976.7754  RESTRAINT  =        0.4948
 EAMBER  =    -4295.1402

--------------------------------------------------------------------------------
   5.  TIMINGS
--------------------------------------------------------------------------------

|                Build the list            11.99 (100.0% of List )
|                Other                      0.01 ( 0.06% of List )
|             List time                 12.00 ( 2.71% of Nonbo)
|                   Short_ene time           428.13 (100.0% of Direc)
|                   Other                      0.18 ( 0.04% of Direc)
|                Direct Ewald time        428.31 (99.51% of Ewald)
|                Other                      2.09 ( 0.49% of Ewald)
|             Ewald time               430.41 (97.29% of Nonbo)
|          Nonbond force            442.41 (94.97% of Force)
|          Bond/Angle/Dihedral       23.38 ( 5.02% of Force)
|          Other                      0.07 ( 0.02% of Force)
|       Force time               465.87 (100.0% of Runmd)
|    Runmd Time               465.87 (88.64% of Total)
|    Other                     59.68 (11.36% of Total)
| Total time               525.55 (100.0% of ALL  )

| Number of list builds   :        401

| Highest rstack allocated:       8210
| Highest istack allocated:       1642
|           Job began  at 07:12:31.675  on 04/06/2020
|           Setup done at 07:12:31.738  on 04/06/2020
|           Run   done at 07:21:17.227  on 04/06/2020
|     wallclock() was called  230835 times

|3D-RISM memory allocation summary
|Type          Maximum        Current   
|Integer       0.00000 GB     0.00000 GB
|Real          0.00000 GB     0.00000 GB
|Logical       0.00000 GB     0.00000 GB
|Character     0.00000 GB     0.00000 GB
|---------------------------------------
|Total         0.00000 GB     0.00000 GB
