
          -------------------------------------------------------
          Amber 18 SANDER                              2018
          -------------------------------------------------------

| Run on 04/06/2020 at 06:59:44

|   Executable path: sander
| Working directory: /home/lachele/Research/SARS-CoV-2/7_MD_Input_Files
|          Hostname: Unknown
  [-O]verwriting output

File Assignments:
|  MDIN: second_min.in                                                         
| MDOUT: lav-ace-6lu7_min2.out                                                 
|INPCRD: lav-ace-6lu7_min1.rst7                                                
|  PARM: lav-ace-6lu7.parm7                                                    
|RESTRT: lav-ace-6lu7_min2.rst7                                                
|  REFC: lav-ace-6lu7_min1.rst7                                                
| MDVEL: mdvel                                                                 
| MDFRC: mdfrc                                                                 
|  MDEN: mden                                                                  
| MDCRD: lav-ace-6lu7_min2.nc                                                  
|MDINFO: mdinfo                                                                
|  MTMD: mtmd                                                                  
|INPDIP: inpdip                                                                
|RSTDIP: rstdip                                                                
|INPTRA: inptraj                                                               


 Here is the input file:

Gas Phase Minimization with Restraints                                         
 &cntrl                                                                        
  imin = 1, maxcyc = 10000, ncyc = 5000, dt = 0.001 ,                          
  ntb = 0, cut = 20.0, ntmin = 1, nscm = 100, dielc = 1 ,                      
  ntxo = 1, ntwr = 1, ntwx=500, ntpr=500,                                      
  ntr=1,                                                                       
 &end                                                                          
Lightly restrain carbon-alpha in the binding site                              
0.5                                                                            
FIND                                                                           
CA * * *                                                                       
SEARCH                                                                         
RES 18 22 33 41 43 45 47 47 49 49 113 114 135 141 157 172 176 178 180 187      
END                                                                            
END                                                                            
Restrain all NEAR atoms                                                        
2.0                                                                            
RES 12 17 23 27 31 32 42 42 46 46 48 48 50 56 60 62 77 84 98 103 107 112 115 118 121 134 142 144 154 156 173 175 179 179 188 190
END                                                                            
Restrain all FAR atoms                                                         
2.0                                                                            
RES 1 11 28 30 57 59 63 76 85 97 104 106 119 120 145 153 191 191               
END                                                                            
END                                                                            

--------------------------------------------------------------------------------
   1.  RESOURCE   USE: 
--------------------------------------------------------------------------------

| Flags:                                                                        
|    NONPERIODIC   ntb=0 and igb=0: Setting up nonperiodic simulation
|Largest sphere to fit in unit cell has radius =    46.940
| New format PARM file being parsed.
| Version =    1.000 Date = 04/02/20 Time = 03:24:56
 NATOM  =    2925 NTYPES =      21 NBONH =    1444 MBONA  =    1515
 NTHETH =    3266 MTHETA =    2055 NPHIH =    6723 MPHIA  =    6524
 NHPARM =       0 NPARM  =       0 NNB   =   16070 NRES   =     192
 NBONA  =    1515 NTHETA =    2055 NPHIA =    6524 NUMBND =      75
 NUMANG =     171 NPTRA  =     210 NATYP =      41 NPHB   =       0
 IFBOX  =       0 NMXRS  =      34 IFCAP =       0 NEXTRA =       0
 NCOPY  =       0


|     Memory Use     Allocated
|     Real              245493
|     Hollerith           8969
|     Integer           722781
|     Max Pairs        4276350
|     nblistReal         35100
|     nblist Int        452273
|       Total            23521 kbytes

| Note: 1-4 EEL scale factors are being read from the topology file.

| Note: 1-4 VDW scale factors are being read from the topology file.
| Duplicated    0 dihedrals
| Duplicated    0 dihedrals

--------------------------------------------------------------------------------
   2.  CONTROL  DATA  FOR  THE  RUN
--------------------------------------------------------------------------------

default_name                                                                    

General flags:
     imin    =       1, nmropt  =       0

Nature and format of input:
     ntx     =       1, irest   =       0, ntrx    =       1

Nature and format of output:
     ntxo    =       1, ntpr    =     500, ntrx    =       1, ntwr    =       1
     iwrap   =       0, ntwx    =     500, ntwv    =       0, ntwe    =       0
     ioutfm  =       1, ntwprt  =       0, idecomp =       0, rbornstat=      0

Potential function:
     ntf     =       1, ntb     =       0, igb     =       0, nsnb    =      25
     ipol    =       0, gbsa    =       0, iesp    =       0
     dielc   =   1.00000, cut     =  20.00000, intdiel =   1.00000

Frozen or restrained atoms:
     ibelly  =       0, ntr     =       1
     restraint_wt =   0.00000

Energy minimization:
     maxcyc  =   10000, ncyc    =    5000, ntmin   =       1
     dx0     =   0.01000, drms    =   0.00010
|  INFO: Old style inpcrd file read


    LOADING THE CONSTRAINED ATOMS AS GROUPS


   5.  REFERENCE ATOM COORDINATES

  defa
    ----- READING GROUP     1; TITLE:
 Lightly restrain carbon-alpha in the binding site                           

     GROUP    1 HAS HARMONIC CONSTRAINTS     0.50000
      ALL ATOMS THAT MEET 1 OF THE FOLLOWING SPECIFICATIONS WILL BE INCLUDED IN GROUP BELOW

      GRAPH NAME  = CA    SYMBOL  = *     TREE SYMBOL  = *     RESIDUE TYPE  = *   

 GRP    1 RES   18 TO    22
 GRP    1 RES   33 TO    41
 GRP    1 RES   43 TO    45
 GRP    1 RES   47 TO    47
 GRP    1 RES   49 TO    49
 GRP    1 RES  113 TO   114
 GRP    1 RES  135 TO   141
 GRP    1 RES  157 TO   172
 GRP    1 RES  176 TO   178
 GRP    1 RES  180 TO   187
      Number of atoms in this group  =    55
    ----- END OF GROUP READ -----

--------------------------------------------------------------------------------
   3.  ATOMIC COORDINATES AND VELOCITIES
--------------------------------------------------------------------------------

defa                                                                            
 begin time read from input coords =     0.000 ps

 Number of triangulated 3-point waters found:        0

     Sum of charges from parm topology file =   0.00000189
     Forcing neutrality...

--------------------------------------------------------------------------------
   4.  RESULTS
--------------------------------------------------------------------------------

 ---------------------------------------------------

     eedmeth=4: Setting switch to one everywhere

 ---------------------------------------------------
| Local SIZE OF NONBOND LIST =    2049469
| TOTAL SIZE OF NONBOND LIST =    2049469


   NSTEP       ENERGY          RMS            GMAX         NAME    NUMBER
      1      -4.3019E+03     1.3461E-01     3.0088E+00     H11      2910

 BOND    =       96.0232  ANGLE   =      428.6503  DIHED      =     2205.3633
 VDWAALS =    -1548.6711  EEL     =   -14083.8757  HBOND      =        0.0000
 1-4 VDW =      610.5613  1-4 EEL =     7990.0844  RESTRAINT  =        0.0000


   NSTEP       ENERGY          RMS            GMAX         NAME    NUMBER
    500      -4.4119E+03     5.8524E-02     7.3163E-01     H11      2910

 BOND    =       96.3437  ANGLE   =      427.5882  DIHED      =     2204.7208
 VDWAALS =    -1551.4500  EEL     =   -14187.5889  HBOND      =        0.0000
 1-4 VDW =      609.4730  1-4 EEL =     7989.0416  RESTRAINT  =        0.0082
 EAMBER  =    -4411.8716


   NSTEP       ENERGY          RMS            GMAX         NAME    NUMBER
   1000      -4.4207E+03     9.5821E-02     4.3052E+00     CD       2632

 BOND    =       96.3211  ANGLE   =      427.2975  DIHED      =     2204.8870
 VDWAALS =    -1551.9954  EEL     =   -14194.9548  HBOND      =        0.0000
 1-4 VDW =      609.2922  1-4 EEL =     7988.4683  RESTRAINT  =        0.0281
 EAMBER  =    -4420.6840


   NSTEP       ENERGY          RMS            GMAX         NAME    NUMBER
   1500      -4.3921E+03     5.0255E-02     5.3609E-01     ND2       916

 BOND    =       96.2846  ANGLE   =      427.1766  DIHED      =     2205.1657
 VDWAALS =    -1552.4674  EEL     =   -14165.8389  HBOND      =        0.0000
 1-4 VDW =      609.2733  1-4 EEL =     7988.2800  RESTRAINT  =        0.0523
 EAMBER  =    -4392.1262


   NSTEP       ENERGY          RMS            GMAX         NAME    NUMBER
   2000      -4.2757E+03     1.1407E-01     1.9670E+00     C        2130

 BOND    =       96.3310  ANGLE   =      427.2016  DIHED      =     2205.2723
 VDWAALS =    -1552.5900  EEL     =   -14049.2696  HBOND      =        0.0000
 1-4 VDW =      609.3636  1-4 EEL =     7987.9203  RESTRAINT  =        0.0790
 EAMBER  =    -4275.7709


   NSTEP       ENERGY          RMS            GMAX         NAME    NUMBER
   2500      -4.3040E+03     1.1817E-01     1.8185E+00     CG       1386

 BOND    =       96.2883  ANGLE   =      427.2122  DIHED      =     2205.4180
 VDWAALS =    -1552.5569  EEL     =   -14076.7516  HBOND      =        0.0000
 1-4 VDW =      609.4777  1-4 EEL =     7986.7963  RESTRAINT  =        0.1042
 EAMBER  =    -4304.1160


   NSTEP       ENERGY          RMS            GMAX         NAME    NUMBER
   3000      -4.3134E+03     5.6131E-02     1.0503E+00     ND2       916

 BOND    =       96.3791  ANGLE   =      427.0018  DIHED      =     2204.5662
 VDWAALS =    -1552.9892  EEL     =   -14083.5103  HBOND      =        0.0000
 1-4 VDW =      609.4347  1-4 EEL =     7985.6037  RESTRAINT  =        0.1276
 EAMBER  =    -4313.5140


   NSTEP       ENERGY          RMS            GMAX         NAME    NUMBER
   3500      -4.2845E+03     5.3550E-02     1.0654E+00     OE1      2633

 BOND    =       96.3363  ANGLE   =      426.8809  DIHED      =     2204.3423
 VDWAALS =    -1553.0492  EEL     =   -14054.4131  HBOND      =        0.0000
 1-4 VDW =      609.4630  1-4 EEL =     7985.8304  RESTRAINT  =        0.1493
 EAMBER  =    -4284.6094


   NSTEP       ENERGY          RMS            GMAX         NAME    NUMBER
   4000      -4.2821E+03     8.6916E-02     1.4310E+00     CD        986

 BOND    =       96.4254  ANGLE   =      426.8949  DIHED      =     2204.2503
 VDWAALS =    -1553.1920  EEL     =   -14051.5083  HBOND      =        0.0000
 1-4 VDW =      609.4394  1-4 EEL =     7985.4090  RESTRAINT  =        0.1689
 EAMBER  =    -4282.2814


   NSTEP       ENERGY          RMS            GMAX         NAME    NUMBER
   4500      -4.2867E+03     5.6596E-02     1.1025E+00     ND2       321

 BOND    =       96.4806  ANGLE   =      426.8663  DIHED      =     2204.0016
 VDWAALS =    -1553.1810  EEL     =   -14055.7038  HBOND      =        0.0000
 1-4 VDW =      609.4086  1-4 EEL =     7985.2155  RESTRAINT  =        0.1900
 EAMBER  =    -4286.9121


   NSTEP       ENERGY          RMS            GMAX         NAME    NUMBER
   5000      -4.1582E+03     1.0246E-01     3.7397E+00     CD       2632

 BOND    =       96.5105  ANGLE   =      426.6542  DIHED      =     2203.8056
 VDWAALS =    -1553.3836  EEL     =   -13926.7722  HBOND      =        0.0000
 1-4 VDW =      609.3472  1-4 EEL =     7985.3949  RESTRAINT  =        0.2094
 EAMBER  =    -4158.4435


   NSTEP       ENERGY          RMS            GMAX         NAME    NUMBER
   5500      -4.1442E+03     1.0806E-01     1.2487E+00     ND2       321

 BOND    =       96.3793  ANGLE   =      426.0730  DIHED      =     2202.3655
 VDWAALS =    -1553.5519  EEL     =   -13910.6766  HBOND      =        0.0000
 1-4 VDW =      609.6723  1-4 EEL =     7985.2411  RESTRAINT  =        0.3020
 EAMBER  =    -4144.4973


   NSTEP       ENERGY          RMS            GMAX         NAME    NUMBER
   6000      -4.1602E+03     1.4054E-01     1.8844E+00     CD        130

 BOND    =       96.4222  ANGLE   =      425.5180  DIHED      =     2202.0899
 VDWAALS =    -1555.2379  EEL     =   -13924.8250  HBOND      =        0.0000
 1-4 VDW =      609.7026  1-4 EEL =     7985.7036  RESTRAINT  =        0.3999
 EAMBER  =    -4160.6267


   NSTEP       ENERGY          RMS            GMAX         NAME    NUMBER
   6500      -4.1637E+03     1.1974E-01     1.7027E+00     ND2      1213

 BOND    =       96.6337  ANGLE   =      426.2117  DIHED      =     2199.6512
 VDWAALS =    -1558.3573  EEL     =   -13922.9591  HBOND      =        0.0000
 1-4 VDW =      608.6366  1-4 EEL =     7985.9997  RESTRAINT  =        0.5200
 EAMBER  =    -4164.1834


   NSTEP       ENERGY          RMS            GMAX         NAME    NUMBER
   7000      -4.3062E+03     1.0385E-01     1.3972E+00     ND2      1787

 BOND    =       96.7638  ANGLE   =      426.6927  DIHED      =     2199.7618
 VDWAALS =    -1559.5124  EEL     =   -14065.2573  HBOND      =        0.0000
 1-4 VDW =      608.5336  1-4 EEL =     7986.2392  RESTRAINT  =        0.6251
 EAMBER  =    -4306.7786


   NSTEP       ENERGY          RMS            GMAX         NAME    NUMBER
   7500      -4.4879E+03     1.1760E-01     1.8367E+00     CD        130

 BOND    =       97.0987  ANGLE   =      427.6548  DIHED      =     2200.4302
 VDWAALS =    -1560.1570  EEL     =   -14246.8390  HBOND      =        0.0000
 1-4 VDW =      608.2639  1-4 EEL =     7984.9225  RESTRAINT  =        0.7156
 EAMBER  =    -4488.6258


   NSTEP       ENERGY          RMS            GMAX         NAME    NUMBER
   8000      -4.4572E+03     1.2707E-01     1.8577E+00     ND2       885

 BOND    =       97.1054  ANGLE   =      428.3073  DIHED      =     2201.1486
 VDWAALS =    -1561.2556  EEL     =   -14217.7696  HBOND      =        0.0000
 1-4 VDW =      608.5277  1-4 EEL =     7985.9057  RESTRAINT  =        0.8376
 EAMBER  =    -4458.0305


   NSTEP       ENERGY          RMS            GMAX         NAME    NUMBER
   8500      -4.5235E+03     1.0546E-01     1.7152E+00     ND2       885

 BOND    =       97.0786  ANGLE   =      428.8371  DIHED      =     2202.4584
 VDWAALS =    -1562.8283  EEL     =   -14283.5116  HBOND      =        0.0000
 1-4 VDW =      608.4806  1-4 EEL =     7985.0995  RESTRAINT  =        0.9356
 EAMBER  =    -4524.3858


   NSTEP       ENERGY          RMS            GMAX         NAME    NUMBER
   9000      -4.5550E+03     1.0625E-01     2.0682E+00     CD        130

 BOND    =       97.2885  ANGLE   =      429.1940  DIHED      =     2202.9947
 VDWAALS =    -1562.8866  EEL     =   -14315.8680  HBOND      =        0.0000
 1-4 VDW =      608.3360  1-4 EEL =     7984.8887  RESTRAINT  =        1.0492
 EAMBER  =    -4556.0528


   NSTEP       ENERGY          RMS            GMAX         NAME    NUMBER
   9500      -4.4414E+03     1.0404E-01     1.5080E+00     OE1      2633

 BOND    =       97.8185  ANGLE   =      430.3816  DIHED      =     2202.8919
 VDWAALS =    -1564.0479  EEL     =   -14200.2750  HBOND      =        0.0000
 1-4 VDW =      607.5927  1-4 EEL =     7982.9770  RESTRAINT  =        1.2112
 EAMBER  =    -4442.6612


   NSTEP       ENERGY          RMS            GMAX         NAME    NUMBER
  10000      -4.4018E+03     9.9205E-02     1.9373E+00     CD        130

 BOND    =       98.3046  ANGLE   =      431.1507  DIHED      =     2202.9893
 VDWAALS =    -1564.4233  EEL     =   -14160.7984  HBOND      =        0.0000
 1-4 VDW =      607.6589  1-4 EEL =     7981.9636  RESTRAINT  =        1.3315
 EAMBER  =    -4403.1545


  Maximum number of minimization cycles reached.


                    FINAL RESULTS



   NSTEP       ENERGY          RMS            GMAX         NAME    NUMBER
  10000      -4.4018E+03     9.9205E-02     1.9373E+00     CD        130

 BOND    =       98.3046  ANGLE   =      431.1507  DIHED      =     2202.9893
 VDWAALS =    -1564.4233  EEL     =   -14160.7984  HBOND      =        0.0000
 1-4 VDW =      607.6589  1-4 EEL =     7981.9636  RESTRAINT  =        1.3315
 EAMBER  =    -4403.1545

--------------------------------------------------------------------------------
   5.  TIMINGS
--------------------------------------------------------------------------------

|                Build the list            11.86 (100.0% of List )
|                Other                      0.01 ( 0.06% of List )
|             List time                 11.87 ( 2.70% of Nonbo)
|                   Short_ene time           425.80 (100.0% of Direc)
|                   Other                      0.18 ( 0.04% of Direc)
|                Direct Ewald time        425.98 (99.51% of Ewald)
|                Other                      2.08 ( 0.49% of Ewald)
|             Ewald time               428.07 (97.30% of Nonbo)
|          Nonbond force            439.95 (94.94% of Force)
|          Bond/Angle/Dihedral       23.40 ( 5.05% of Force)
|          Other                      0.07 ( 0.02% of Force)
|       Force time               463.41 (100.0% of Runmd)
|    Runmd Time               463.41 (88.56% of Total)
|    Other                     59.87 (11.44% of Total)
| Total time               523.29 (100.0% of ALL  )

| Number of list builds   :        401

| Highest rstack allocated:       8465
| Highest istack allocated:       1693
|           Job began  at 06:59:44.896  on 04/06/2020
|           Setup done at 06:59:44.967  on 04/06/2020
|           Run   done at 07:08:28.184  on 04/06/2020
|     wallclock() was called  230835 times

|3D-RISM memory allocation summary
|Type          Maximum        Current   
|Integer       0.00000 GB     0.00000 GB
|Real          0.00000 GB     0.00000 GB
|Logical       0.00000 GB     0.00000 GB
|Character     0.00000 GB     0.00000 GB
|---------------------------------------
|Total         0.00000 GB     0.00000 GB
